==528153== Memcheck, a memory error detector
==528153== Copyright (C) 2002-2017, and GNU GPL'd, by Julian Seward et al.
==528153== Using Valgrind-3.18.1 and LibVEX; rerun with -h for copyright info
==528153== Command: ./a.out
==528153== Parent PID: 524420
==528153== 
==528153== Invalid write of size 8
==528153==    at 0x4014D3: ft_strsplit (ft_split.c:107)
==528153==    by 0x401566: main (ft_split.c:116)
==528153==  Address 0x4a9d4b0 is 0 bytes after a block of size 48 alloc'd
==528153==    at 0x4848899: malloc (in /usr/libexec/valgrind/vgpreload_memcheck-amd64-linux.so)
==528153==    by 0x401452: ft_strsplit (ft_split.c:99)
==528153==    by 0x401566: main (ft_split.c:116)
==528153== 
==528153== Invalid read of size 8
==528153==    at 0x4014DF: ft_strsplit (ft_split.c:108)
==528153==    by 0x401566: main (ft_split.c:116)
==528153==  Address 0x4a9d4b0 is 0 bytes after a block of size 48 alloc'd
==528153==    at 0x4848899: malloc (in /usr/libexec/valgrind/vgpreload_memcheck-amd64-linux.so)
==528153==    by 0x401452: ft_strsplit (ft_split.c:99)
==528153==    by 0x401566: main (ft_split.c:116)
==528153== 
==528153== 
==528153== HEAP SUMMARY:
==528153==     in use at exit: 90 bytes in 8 blocks
==528153==   total heap usage: 9 allocs, 1 frees, 1,114 bytes allocated
==528153== 
==528153== 6 bytes in 1 blocks are definitely lost in loss record 1 of 3
==528153==    at 0x4848899: malloc (in /usr/libexec/valgrind/vgpreload_memcheck-amd64-linux.so)
==528153==    by 0x4014C7: ft_strsplit (ft_split.c:107)
==528153==    by 0x401566: main (ft_split.c:116)
==528153== 
==528153== 84 (48 direct, 36 indirect) bytes in 1 blocks are definitely lost in loss record 3 of 3
==528153==    at 0x4848899: malloc (in /usr/libexec/valgrind/vgpreload_memcheck-amd64-linux.so)
==528153==    by 0x401452: ft_strsplit (ft_split.c:99)
==528153==    by 0x401566: main (ft_split.c:116)
==528153== 
==528153== LEAK SUMMARY:
==528153==    definitely lost: 54 bytes in 2 blocks
==528153==    indirectly lost: 36 bytes in 6 blocks
==528153==      possibly lost: 0 bytes in 0 blocks
==528153==    still reachable: 0 bytes in 0 blocks
==528153==         suppressed: 0 bytes in 0 blocks
==528153== 
==528153== For lists of detected and suppressed errors, rerun with: -s
==528153== ERROR SUMMARY: 4 errors from 4 contexts (suppressed: 0 from 0)
